<?xml version="1.0" encoding="UTF-8"?>
<!-- Generated by org.testng.reporters.JUnitXMLReporter -->
<testsuite hostname="Administrators-MacBook-Pro-9.local" ignored="2" name="Default test" tests="1" failures="0" timestamp="31 Aug 2018 03:43:08 GMT" time="16.606" errors="0">
  <testcase name="createNewContactTest" time="5.445" classname="com.qa.freecrm.tests.HomePageTest"/>
  <testcase name="verifyHomePageTitleTest" time="0.0" classname="com.qa.freecrm.tests.HomePageTest">
    <ignored/>
  </testcase> <!-- verifyHomePageTitleTest -->
  <testcase name="verifyContactInformationPageTest" time="0.0" classname="com.qa.freecrm.tests.HomePageTest">
    <ignored/>
  </testcase> <!-- verifyContactInformationPageTest -->
</testsuite> <!-- Default test -->
