<?xml version="1.0" encoding="UTF-8"?>
<!-- Generated by org.testng.reporters.JUnitXMLReporter -->
<testsuite hostname="Administrators-MacBook-Pro-9.local" ignored="0" name="Free CRM App Test Cases" tests="5" failures="0" timestamp="04 Sep 2018 02:59:12 GMT" time="60.185" errors="0">
  <testcase name="loginPageTitleTest" time="0.012" classname="com.qa.freecrm.tests.LoginTest"/>
  <testcase name="verifyHomePageTitleTest" time="0.031" classname="com.qa.freecrm.tests.HomePageTest"/>
  <testcase name="freeCrmLoginTest" time="4.515" classname="com.qa.freecrm.tests.LoginTest"/>
  <testcase name="verifyContactInformationPageTest" time="3.729" classname="com.qa.freecrm.tests.HomePageTest"/>
  <testcase name="createNewContactTest" time="5.187" classname="com.qa.freecrm.tests.HomePageTest"/>
</testsuite> <!-- Free CRM App Test Cases -->
