<?xml version="1.0" encoding="UTF-8"?>
<!-- Generated by org.testng.reporters.JUnitXMLReporter -->
<testsuite hostname="Administrators-MacBook-Pro-9.local" ignored="0" name="Free CRM App Test Cases" tests="5" failures="1" timestamp="07 Sep 2018 03:00:25 GMT" time="61.239" errors="0">
  <testcase name="loginPageTitleTest" time="0.029" classname="com.qa.freecrm.tests.LoginTest">
    <failure type="java.lang.AssertionError" message="expected [#1123 Free CRM software in the cloud for sales and service] but found [#1 Free CRM software in the cloud for sales and service]">
      <![CDATA[java.lang.AssertionError: expected [#1123 Free CRM software in the cloud for sales and service] but found [#1 Free CRM software in the cloud for sales and service]
at com.qa.freecrm.tests.LoginTest.loginPageTitleTest(LoginTest.java:49)
... Removed 31 stack frames]]>
    </failure>
  </testcase> <!-- loginPageTitleTest -->
  <testcase name="verifyHomePageTitleTest" time="0.006" classname="com.qa.freecrm.tests.HomePageTest"/>
  <testcase name="freeCrmLoginTest" time="4.193" classname="com.qa.freecrm.tests.LoginTest"/>
  <testcase name="verifyContactInformationPageTest" time="4.045" classname="com.qa.freecrm.tests.HomePageTest"/>
  <testcase name="createNewContactTest" time="5.719" classname="com.qa.freecrm.tests.HomePageTest"/>
</testsuite> <!-- Free CRM App Test Cases -->
