<?xml version="1.0" encoding="UTF-8"?>
<testng-results skipped="0" failed="1" ignored="0" total="2" passed="1">
  <reporter-output>
  </reporter-output>
  <suite name="Default suite" duration-ms="52825" started-at="2018-09-05T10:36:51Z" finished-at="2018-09-05T10:37:44Z">
    <groups>
    </groups>
    <test name="Default test" duration-ms="52825" started-at="2018-09-05T10:36:51Z" finished-at="2018-09-05T10:37:44Z">
      <class name="com.qa.freecrm.tests.LoginTest">
        <test-method status="PASS" signature="setUp()[pri:0, instance:com.qa.freecrm.tests.LoginTest@6536e911]" name="setUp" is-config="true" duration-ms="15204" started-at="2018-09-05T10:36:51Z" finished-at="2018-09-05T10:37:06Z">
          <reporter-output>
          </reporter-output>
        </test-method> <!-- setUp -->
        <test-method status="FAIL" signature="loginPageTitleTest()[pri:1, instance:com.qa.freecrm.tests.LoginTest@6536e911]" name="loginPageTitleTest" duration-ms="15" started-at="2018-09-05T10:37:06Z" finished-at="2018-09-05T10:37:06Z">
          <exception class="java.lang.AssertionError">
            <message>
              <![CDATA[expected [#1123 Free CRM software in the cloud for sales and service] but found [#1 Free CRM software in the cloud for sales and service]]]>
            </message>
            <full-stacktrace>
              <![CDATA[java.lang.AssertionError: expected [#1123 Free CRM software in the cloud for sales and service] but found [#1 Free CRM software in the cloud for sales and service]
at org.testng.Assert.fail(Assert.java:96)
at org.testng.Assert.failNotEquals(Assert.java:776)
at org.testng.Assert.assertEqualsImpl(Assert.java:137)
at org.testng.Assert.assertEquals(Assert.java:118)
at org.testng.Assert.assertEquals(Assert.java:453)
at org.testng.Assert.assertEquals(Assert.java:463)
at com.qa.freecrm.tests.LoginTest.loginPageTitleTest(LoginTest.java:49)
at sun.reflect.NativeMethodAccessorImpl.invoke0(Native Method)
at sun.reflect.NativeMethodAccessorImpl.invoke(NativeMethodAccessorImpl.java:62)
at sun.reflect.DelegatingMethodAccessorImpl.invoke(DelegatingMethodAccessorImpl.java:43)
at java.lang.reflect.Method.invoke(Method.java:498)
at org.testng.internal.MethodInvocationHelper.invokeMethod(MethodInvocationHelper.java:124)
at org.testng.internal.Invoker.invokeMethod(Invoker.java:583)
at org.testng.internal.Invoker.invokeTestMethod(Invoker.java:719)
at org.testng.internal.Invoker.invokeTestMethods(Invoker.java:989)
at org.testng.internal.TestMethodWorker.invokeTestMethods(TestMethodWorker.java:125)
at org.testng.internal.TestMethodWorker.run(TestMethodWorker.java:109)
at org.testng.TestRunner.privateRun(TestRunner.java:648)
at org.testng.TestRunner.run(TestRunner.java:505)
at org.testng.SuiteRunner.runTest(SuiteRunner.java:455)
at org.testng.SuiteRunner.runSequentially(SuiteRunner.java:450)
at org.testng.SuiteRunner.privateRun(SuiteRunner.java:415)
at org.testng.SuiteRunner.run(SuiteRunner.java:364)
at org.testng.SuiteRunnerWorker.runSuite(SuiteRunnerWorker.java:52)
at org.testng.SuiteRunnerWorker.run(SuiteRunnerWorker.java:84)
at org.testng.TestNG.runSuitesSequentially(TestNG.java:1208)
at org.testng.TestNG.runSuitesLocally(TestNG.java:1137)
at org.testng.TestNG.runSuites(TestNG.java:1049)
at org.testng.TestNG.run(TestNG.java:1017)
at org.testng.remote.AbstractRemoteTestNG.run(AbstractRemoteTestNG.java:114)
at org.testng.remote.RemoteTestNG.initAndRun(RemoteTestNG.java:251)
at org.testng.remote.RemoteTestNG.main(RemoteTestNG.java:77)
]]>
            </full-stacktrace>
          </exception> <!-- java.lang.AssertionError -->
          <reporter-output>
          </reporter-output>
        </test-method> <!-- loginPageTitleTest -->
        <test-method status="PASS" signature="tearDown()[pri:0, instance:com.qa.freecrm.tests.LoginTest@6536e911]" name="tearDown" is-config="true" duration-ms="104" started-at="2018-09-05T10:37:06Z" finished-at="2018-09-05T10:37:06Z">
          <reporter-output>
          </reporter-output>
        </test-method> <!-- tearDown -->
        <test-method status="PASS" signature="setUp()[pri:0, instance:com.qa.freecrm.tests.LoginTest@6536e911]" name="setUp" is-config="true" duration-ms="14241" started-at="2018-09-05T10:37:06Z" finished-at="2018-09-05T10:37:21Z">
          <reporter-output>
          </reporter-output>
        </test-method> <!-- setUp -->
        <test-method status="PASS" signature="freeCrmLoginTest()[pri:2, instance:com.qa.freecrm.tests.LoginTest@6536e911]" name="freeCrmLoginTest" duration-ms="23137" started-at="2018-09-05T10:37:21Z" finished-at="2018-09-05T10:37:44Z">
          <reporter-output>
          </reporter-output>
        </test-method> <!-- freeCrmLoginTest -->
        <test-method status="PASS" signature="tearDown()[pri:0, instance:com.qa.freecrm.tests.LoginTest@6536e911]" name="tearDown" is-config="true" duration-ms="98" started-at="2018-09-05T10:37:44Z" finished-at="2018-09-05T10:37:44Z">
          <reporter-output>
          </reporter-output>
        </test-method> <!-- tearDown -->
      </class> <!-- com.qa.freecrm.tests.LoginTest -->
    </test> <!-- Default test -->
  </suite> <!-- Default suite -->
</testng-results>
