<?xml version="1.0" encoding="UTF-8"?>
<testng-results skipped="0" failed="1" ignored="0" total="5" passed="4">
  <reporter-output>
  </reporter-output>
  <suite name="Free CRM Test Automation Suite" duration-ms="61239" started-at="2018-09-07T02:59:23Z" finished-at="2018-09-07T03:00:25Z">
    <groups>
    </groups>
    <test name="Free CRM App Test Cases" duration-ms="61239" started-at="2018-09-07T02:59:23Z" finished-at="2018-09-07T03:00:25Z">
      <class name="com.qa.freecrm.tests.LoginTest">
        <test-method status="PASS" signature="setUp()[pri:0, instance:com.qa.freecrm.tests.LoginTest@3e9b1010]" name="setUp" is-config="true" duration-ms="6428" started-at="2018-09-07T02:59:23Z" finished-at="2018-09-07T02:59:30Z">
          <reporter-output>
          </reporter-output>
        </test-method> <!-- setUp -->
        <test-method status="FAIL" signature="loginPageTitleTest()[pri:1, instance:com.qa.freecrm.tests.LoginTest@3e9b1010]" name="loginPageTitleTest" duration-ms="29" started-at="2018-09-07T02:59:30Z" finished-at="2018-09-07T02:59:30Z">
          <exception class="java.lang.AssertionError">
            <message>
              <![CDATA[expected [#1123 Free CRM software in the cloud for sales and service] but found [#1 Free CRM software in the cloud for sales and service]]]>
            </message>
            <full-stacktrace>
              <![CDATA[java.lang.AssertionError: expected [#1123 Free CRM software in the cloud for sales and service] but found [#1 Free CRM software in the cloud for sales and service]
at org.testng.Assert.fail(Assert.java:96)
at org.testng.Assert.failNotEquals(Assert.java:776)
at org.testng.Assert.assertEqualsImpl(Assert.java:137)
at org.testng.Assert.assertEquals(Assert.java:118)
at org.testng.Assert.assertEquals(Assert.java:453)
at org.testng.Assert.assertEquals(Assert.java:463)
at com.qa.freecrm.tests.LoginTest.loginPageTitleTest(LoginTest.java:49)
at sun.reflect.NativeMethodAccessorImpl.invoke0(Native Method)
at sun.reflect.NativeMethodAccessorImpl.invoke(NativeMethodAccessorImpl.java:62)
at sun.reflect.DelegatingMethodAccessorImpl.invoke(DelegatingMethodAccessorImpl.java:43)
at java.lang.reflect.Method.invoke(Method.java:498)
at org.testng.internal.MethodInvocationHelper.invokeMethod(MethodInvocationHelper.java:124)
at org.testng.internal.Invoker.invokeMethod(Invoker.java:583)
at org.testng.internal.Invoker.invokeTestMethod(Invoker.java:719)
at org.testng.internal.Invoker.invokeTestMethods(Invoker.java:989)
at org.testng.internal.TestMethodWorker.invokeTestMethods(TestMethodWorker.java:125)
at org.testng.internal.TestMethodWorker.run(TestMethodWorker.java:109)
at org.testng.TestRunner.privateRun(TestRunner.java:648)
at org.testng.TestRunner.run(TestRunner.java:505)
at org.testng.SuiteRunner.runTest(SuiteRunner.java:455)
at org.testng.SuiteRunner.runSequentially(SuiteRunner.java:450)
at org.testng.SuiteRunner.privateRun(SuiteRunner.java:415)
at org.testng.SuiteRunner.run(SuiteRunner.java:364)
at org.testng.SuiteRunnerWorker.runSuite(SuiteRunnerWorker.java:52)
at org.testng.SuiteRunnerWorker.run(SuiteRunnerWorker.java:84)
at org.testng.TestNG.runSuitesSequentially(TestNG.java:1208)
at org.testng.TestNG.runSuitesLocally(TestNG.java:1137)
at org.testng.TestNG.runSuites(TestNG.java:1049)
at org.testng.TestNG.run(TestNG.java:1017)
at org.testng.remote.AbstractRemoteTestNG.run(AbstractRemoteTestNG.java:114)
at org.testng.remote.RemoteTestNG.initAndRun(RemoteTestNG.java:251)
at org.testng.remote.RemoteTestNG.main(RemoteTestNG.java:77)
]]>
            </full-stacktrace>
          </exception> <!-- java.lang.AssertionError -->
          <reporter-output>
          </reporter-output>
        </test-method> <!-- loginPageTitleTest -->
        <test-method status="PASS" signature="tearDown()[pri:0, instance:com.qa.freecrm.tests.LoginTest@3e9b1010]" name="tearDown" is-config="true" duration-ms="109" started-at="2018-09-07T02:59:30Z" finished-at="2018-09-07T02:59:30Z">
          <reporter-output>
          </reporter-output>
        </test-method> <!-- tearDown -->
        <test-method status="PASS" signature="setUp()[pri:0, instance:com.qa.freecrm.tests.LoginTest@3e9b1010]" name="setUp" is-config="true" duration-ms="6009" started-at="2018-09-07T02:59:41Z" finished-at="2018-09-07T02:59:47Z">
          <reporter-output>
          </reporter-output>
        </test-method> <!-- setUp -->
        <test-method status="PASS" signature="freeCrmLoginTest()[pri:2, instance:com.qa.freecrm.tests.LoginTest@3e9b1010]" name="freeCrmLoginTest" duration-ms="4193" started-at="2018-09-07T02:59:47Z" finished-at="2018-09-07T02:59:51Z">
          <reporter-output>
          </reporter-output>
        </test-method> <!-- freeCrmLoginTest -->
        <test-method status="PASS" signature="tearDown()[pri:0, instance:com.qa.freecrm.tests.LoginTest@3e9b1010]" name="tearDown" is-config="true" duration-ms="91" started-at="2018-09-07T02:59:51Z" finished-at="2018-09-07T02:59:51Z">
          <reporter-output>
          </reporter-output>
        </test-method> <!-- tearDown -->
      </class> <!-- com.qa.freecrm.tests.LoginTest -->
      <class name="com.qa.freecrm.tests.HomePageTest">
        <test-method status="PASS" signature="setUp()[pri:0, instance:com.qa.freecrm.tests.HomePageTest@6c3708b3]" name="setUp" is-config="true" duration-ms="10580" started-at="2018-09-07T02:59:30Z" finished-at="2018-09-07T02:59:40Z">
          <reporter-output>
          </reporter-output>
        </test-method> <!-- setUp -->
        <test-method status="PASS" signature="verifyHomePageTitleTest()[pri:1, instance:com.qa.freecrm.tests.HomePageTest@6c3708b3]" name="verifyHomePageTitleTest" duration-ms="6" started-at="2018-09-07T02:59:40Z" finished-at="2018-09-07T02:59:40Z">
          <reporter-output>
          </reporter-output>
        </test-method> <!-- verifyHomePageTitleTest -->
        <test-method status="PASS" signature="tearDown()[pri:0, instance:com.qa.freecrm.tests.HomePageTest@6c3708b3]" name="tearDown" is-config="true" duration-ms="89" started-at="2018-09-07T02:59:40Z" finished-at="2018-09-07T02:59:41Z">
          <reporter-output>
          </reporter-output>
        </test-method> <!-- tearDown -->
        <test-method status="PASS" signature="setUp()[pri:0, instance:com.qa.freecrm.tests.HomePageTest@6c3708b3]" name="setUp" is-config="true" duration-ms="13139" started-at="2018-09-07T02:59:51Z" finished-at="2018-09-07T03:00:04Z">
          <reporter-output>
          </reporter-output>
        </test-method> <!-- setUp -->
        <test-method status="PASS" signature="verifyContactInformationPageTest()[pri:2, instance:com.qa.freecrm.tests.HomePageTest@6c3708b3]" name="verifyContactInformationPageTest" duration-ms="4045" started-at="2018-09-07T03:00:04Z" finished-at="2018-09-07T03:00:08Z">
          <reporter-output>
          </reporter-output>
        </test-method> <!-- verifyContactInformationPageTest -->
        <test-method status="PASS" signature="tearDown()[pri:0, instance:com.qa.freecrm.tests.HomePageTest@6c3708b3]" name="tearDown" is-config="true" duration-ms="98" started-at="2018-09-07T03:00:08Z" finished-at="2018-09-07T03:00:08Z">
          <reporter-output>
          </reporter-output>
        </test-method> <!-- tearDown -->
        <test-method status="PASS" signature="setUp()[pri:0, instance:com.qa.freecrm.tests.HomePageTest@6c3708b3]" name="setUp" is-config="true" duration-ms="10565" started-at="2018-09-07T03:00:08Z" finished-at="2018-09-07T03:00:19Z">
          <reporter-output>
          </reporter-output>
        </test-method> <!-- setUp -->
        <test-method status="PASS" signature="createNewContactTest()[pri:3, instance:com.qa.freecrm.tests.HomePageTest@6c3708b3]" name="createNewContactTest" duration-ms="5719" started-at="2018-09-07T03:00:19Z" finished-at="2018-09-07T03:00:24Z">
          <reporter-output>
          </reporter-output>
        </test-method> <!-- createNewContactTest -->
        <test-method status="PASS" signature="tearDown()[pri:0, instance:com.qa.freecrm.tests.HomePageTest@6c3708b3]" name="tearDown" is-config="true" duration-ms="100" started-at="2018-09-07T03:00:24Z" finished-at="2018-09-07T03:00:25Z">
          <reporter-output>
          </reporter-output>
        </test-method> <!-- tearDown -->
      </class> <!-- com.qa.freecrm.tests.HomePageTest -->
    </test> <!-- Free CRM App Test Cases -->
  </suite> <!-- Free CRM Test Automation Suite -->
</testng-results>
